<?xml version="1.0" encoding="UTF-8"?>
<testng-results skipped="0" failed="0" ignored="0" total="1" passed="1">
  <reporter-output>
  </reporter-output>
  <suite name="Default suite" duration-ms="305" started-at="2018-06-01T13:31:32Z" finished-at="2018-06-01T13:31:32Z">
    <groups>
    </groups>
    <test name="Default test" duration-ms="305" started-at="2018-06-01T13:31:32Z" finished-at="2018-06-01T13:31:32Z">
      <class name="com.oxygenxml.h2.TestDB">
        <test-method status="PASS" signature="installDB()[pri:0, instance:com.oxygenxml.h2.TestDB@27c20538]" name="installDB" is-config="true" duration-ms="289" started-at="2018-06-01T13:31:32Z" finished-at="2018-06-01T13:31:32Z">
          <reporter-output>
          </reporter-output>
        </test-method> <!-- installDB -->
        <test-method status="PASS" signature="testInstallDB()[pri:0, instance:com.oxygenxml.h2.TestDB@27c20538]" name="testInstallDB" duration-ms="16" started-at="2018-06-01T13:31:32Z" finished-at="2018-06-01T13:31:32Z">
          <reporter-output>
          </reporter-output>
        </test-method> <!-- testInstallDB -->
      </class> <!-- com.oxygenxml.h2.TestDB -->
    </test> <!-- Default test -->
  </suite> <!-- Default suite -->
</testng-results>
